Using pre-set license
Built from '2021.3/staging' branch; Version is '2021.3.4f1 (cb45f9cae8b7) revision 13321721'; Using compiler version '192829333'; Build Type 'Release'
OS: 'Windows 11  (10.0.22621) 64bit CoreSingleLanguage' Language: 'en' Physical Memory: 16021 MB
BatchMode: 1, IsHumanControllingUs: 0, StartBugReporterOnCrash: 0, Is64bit: 1, IsPro: 1

COMMAND LINE ARGUMENTS:
C:\Program Files\Unity\Hub\Editor\2021.3.4f1\Editor\Unity.exe
-adb2
-batchMode
-noUpm
-name
AssetImportWorker0
-projectPath
C:/Users/sanwi/Downloads/painthit-jioTestingPainthit/painthit-jioTestingPainthit/PaintHitGameProject
-logFile
Logs/AssetImportWorker0.log
-srvPort
60154
Successfully changed project path to: C:/Users/sanwi/Downloads/painthit-jioTestingPainthit/painthit-jioTestingPainthit/PaintHitGameProject
C:/Users/sanwi/Downloads/painthit-jioTestingPainthit/painthit-jioTestingPainthit/PaintHitGameProject
[UnityMemory] Configuration Parameters - Can be set up in boot.config
    "memorysetup-bucket-allocator-granularity=16"
    "memorysetup-bucket-allocator-bucket-count=8"
    "memorysetup-bucket-allocator-block-size=33554432"
    "memorysetup-bucket-allocator-block-count=8"
    "memorysetup-main-allocator-block-size=16777216"
    "memorysetup-thread-allocator-block-size=16777216"
    "memorysetup-gfx-main-allocator-block-size=16777216"
    "memorysetup-gfx-thread-allocator-block-size=16777216"
    "memorysetup-cache-allocator-block-size=4194304"
    "memorysetup-typetree-allocator-block-size=2097152"
    "memorysetup-profiler-bucket-allocator-granularity=16"
    "memorysetup-profiler-bucket-allocator-bucket-count=8"
    "memorysetup-profiler-bucket-allocator-block-size=33554432"
    "memorysetup-profiler-bucket-allocator-block-count=8"
    "memorysetup-profiler-allocator-block-size=16777216"
    "memorysetup-profiler-editor-allocator-block-size=1048576"
    "memorysetup-temp-allocator-size-main=16777216"
    "memorysetup-job-temp-allocator-block-size=2097152"
    "memorysetup-job-temp-allocator-block-size-background=1048576"
    "memorysetup-job-temp-allocator-reduction-small-platforms=262144"
    "memorysetup-temp-allocator-size-background-worker=32768"
    "memorysetup-temp-allocator-size-job-worker=262144"
    "memorysetup-temp-allocator-size-preload-manager=33554432"
    "memorysetup-temp-allocator-size-nav-mesh-worker=65536"
    "memorysetup-temp-allocator-size-audio-worker=65536"
    "memorysetup-temp-allocator-size-cloud-worker=32768"
    "memorysetup-temp-allocator-size-gi-baking-worker=262144"
    "memorysetup-temp-allocator-size-gfx=262144"
Refreshing native plugins compatible for Editor in 141.86 ms, found 22 plugins.
Preloading 0 native plugins for Editor in 0.00 ms.
Initialize engine version: 2021.3.4f1 (cb45f9cae8b7)
[Subsystems] Discovering subsystems at path C:/Program Files/Unity/Hub/Editor/2021.3.4f1/Editor/Data/Resources/UnitySubsystems
[Subsystems] Discovering subsystems at path C:/Users/sanwi/Downloads/painthit-jioTestingPainthit/painthit-jioTestingPainthit/PaintHitGameProject/Assets
GfxDevice: creating device client; threaded=0; jobified=0
Direct3D:
    Version:  Direct3D 11.0 [level 11.1]
    Renderer: NVIDIA GeForce RTX 3070 Laptop GPU (ID=0x24dd)
    Vendor:   NVIDIA
    VRAM:     8033 MB
    Driver:   31.0.15.2849
Initialize mono
Mono path[0] = 'C:/Program Files/Unity/Hub/Editor/2021.3.4f1/Editor/Data/Managed'
Mono path[1] = 'C:/Program Files/Unity/Hub/Editor/2021.3.4f1/Editor/Data/MonoBleedingEdge/lib/mono/unityjit-win32'
Mono config path = 'C:/Program Files/Unity/Hub/Editor/2021.3.4f1/Editor/Data/MonoBleedingEdge/etc'
Using monoOptions --debugger-agent=transport=dt_socket,embedding=1,server=y,suspend=n,address=127.0.0.1:56580
Begin MonoManager ReloadAssembly
Registering precompiled unity dll's ...
Register platform support module: C:/Program Files/Unity/Hub/Editor/2021.3.4f1/Editor/Data/PlaybackEngines/AndroidPlayer/UnityEditor.Android.Extensions.dll
Register platform support module: C:/Program Files/Unity/Hub/Editor/2021.3.4f1/Editor/Data/PlaybackEngines/WindowsStandaloneSupport/UnityEditor.WindowsStandalone.Extensions.dll
Registered in 0.004279 seconds.
Native extension for WindowsStandalone target not found
Native extension for Android target not found
Refreshing native plugins compatible for Editor in 108.65 ms, found 22 plugins.
Preloading 0 native plugins for Editor in 0.00 ms.
Mono: successfully reloaded assembly
- Completed reload, in  0.713 seconds
Domain Reload Profiling:
	ReloadAssembly (714ms)
		BeginReloadAssembly (142ms)
			ExecutionOrderSort (0ms)
			DisableScriptedObjects (0ms)
			BackupInstance (0ms)
			ReleaseScriptingObjects (0ms)
			CreateAndSetChildDomain (1ms)
		EndReloadAssembly (461ms)
			LoadAssemblies (140ms)
			RebuildTransferFunctionScriptingTraits (0ms)
			SetupTypeCache (93ms)
			ReleaseScriptCaches (0ms)
			RebuildScriptCaches (27ms)
			SetupLoadedEditorAssemblies (297ms)
				LogAssemblyErrors (0ms)
				InitializePlatformSupportModulesInManaged (53ms)
				SetLoadedEditorAssemblies (0ms)
				RefreshPlugins (109ms)
				BeforeProcessingInitializeOnLoad (1ms)
				ProcessInitializeOnLoadAttributes (94ms)
				ProcessInitializeOnLoadMethodAttributes (40ms)
				AfterProcessingInitializeOnLoad (0ms)
				EditorAssembliesLoaded (0ms)
			ExecutionOrderSort2 (0ms)
			AwakeInstancesAfterBackupRestoration (0ms)
Platform modules already initialized, skipping
Registering precompiled user dll's ...
Registered in 0.009897 seconds.
Begin MonoManager ReloadAssembly
Symbol file LoadedFromMemory doesn't match image C:\Users\sanwi\Downloads\painthit-jioTestingPainthit\painthit-jioTestingPainthit\PaintHitGameProject\Library\PackageCache\com.unity.visualscripting@1.7.8\Editor\VisualScripting.Core\Dependencies\DotNetZip\Unity.VisualScripting.IonicZip.dll
Symbol file LoadedFromMemory doesn't match image C:\Users\sanwi\Downloads\painthit-jioTestingPainthit\painthit-jioTestingPainthit\PaintHitGameProject\Library\PackageCache\com.unity.visualscripting@1.7.8\Editor\VisualScripting.Core\Dependencies\YamlDotNet\Unity.VisualScripting.YamlDotNet.dll
OnLevelWasLoaded was found on JMRManager
This message has been deprecated and will be removed in a later version of Unity.
Add a delegate to SceneManager.sceneLoaded instead to get notifications after scene loading has completed
Native extension for WindowsStandalone target not found
Native extension for Android target not found
Refreshing native plugins compatible for Editor in 1.15 ms, found 22 plugins.
Preloading 0 native plugins for Editor in 0.00 ms.
Mono: successfully reloaded assembly
- Completed reload, in  1.135 seconds
Domain Reload Profiling:
	ReloadAssembly (1136ms)
		BeginReloadAssembly (223ms)
			ExecutionOrderSort (0ms)
			DisableScriptedObjects (4ms)
			BackupInstance (0ms)
			ReleaseScriptingObjects (0ms)
			CreateAndSetChildDomain (130ms)
		EndReloadAssembly (807ms)
			LoadAssemblies (89ms)
			RebuildTransferFunctionScriptingTraits (0ms)
			SetupTypeCache (259ms)
			ReleaseScriptCaches (1ms)
			RebuildScriptCaches (60ms)
			SetupLoadedEditorAssemblies (379ms)
				LogAssemblyErrors (0ms)
				InitializePlatformSupportModulesInManaged (12ms)
				SetLoadedEditorAssemblies (0ms)
				RefreshPlugins (1ms)
				BeforeProcessingInitializeOnLoad (83ms)
				ProcessInitializeOnLoadAttributes (245ms)
				ProcessInitializeOnLoadMethodAttributes (33ms)
				AfterProcessingInitializeOnLoad (4ms)
				EditorAssembliesLoaded (0ms)
			ExecutionOrderSort2 (0ms)
			AwakeInstancesAfterBackupRestoration (5ms)
Platform modules already initialized, skipping
========================================================================
Worker process is ready to serve import requests
Launched and connected shader compiler UnityShaderCompiler.exe after 0.04 seconds
Refreshing native plugins compatible for Editor in 1.63 ms, found 22 plugins.
Preloading 0 native plugins for Editor in 0.00 ms.
Unloading 3974 Unused Serialized files (Serialized files now loaded: 0)
Unloading 115 unused Assets / (63.0 KB). Loaded Objects now: 4463.
Memory consumption went from 146.8 MB to 146.7 MB.
Total: 3.441500 ms (FindLiveObjects: 0.329900 ms CreateObjectMapping: 0.113600 ms MarkObjects: 2.891400 ms  DeleteObjects: 0.105300 ms)

AssetImportParameters requested are different than current active one (requested -> active):
  custom:video-decoder-ogg-theora: a1e56fd34408186e4bbccfd4996cb3dc -> 
  custom:container-muxer-webm: aa71ff27fc2769a1b78a27578f13a17b -> 
  custom:container-demuxer-webm: 4f35f7cbe854078d1ac9338744f61a02 -> 
  custom:video-encoder-webm-vp8: eb34c28f22e8b96e1ab97ce403110664 -> 
  custom:video-codec-MediaFoundation-h265: 746d11721c4dcdbdad8f713fa42b33f4 -> 
  custom:audio-encoder-webm-vorbis: bf7c407c2cedff20999df2af8eb42d56 -> 
  custom:framework-win-MediaFoundation: 216162199b28c13a410421893ffa2e32 -> 
  custom:container-demuxer-ogg: 62fdf1f143b41e24485cea50d1cbac27 -> 
  custom:video-decoder-webm-vp8: 9c59270c3fd7afecdb556c50c9e8de78 -> 
  custom:audio-decoder-ogg-vorbis: bf7c407c2cedff20999df2af8eb42d56 -> 
========================================================================
Received Import Request.
  Time since last request: 145658.850178 seconds.
  path: Assets/UIprefabs
  artifactKey: Guid(6b3d9bf7b96563043a24372941202bd8) Importer(815301076,1909f56bfc062723c751e8b465ee728b)
Start importing Assets/UIprefabs using Guid(6b3d9bf7b96563043a24372941202bd8) Importer(815301076,1909f56bfc062723c751e8b465ee728b)  -> (artifact id: 'b6ed2179e15f3083940031b35ca8e6d0') in 0.011128 seconds 
========================================================================
Received Import Request.
  Time since last request: 24.749208 seconds.
  path: Assets/UIprefabs/IngameUI.prefab
  artifactKey: Guid(e4b15520eb6830b4cb639ab2053bdd32) Importer(815301076,1909f56bfc062723c751e8b465ee728b)
Start importing Assets/UIprefabs/IngameUI.prefab using Guid(e4b15520eb6830b4cb639ab2053bdd32) Importer(815301076,1909f56bfc062723c751e8b465ee728b)  -> (artifact id: 'a0d8124e7f0dce13207248e604065a80') in 0.122893 seconds 
========================================================================
Received Import Request.
  Time since last request: 0.000023 seconds.
  path: Assets/UIprefabs/PausedMenu.prefab
  artifactKey: Guid(95d6b4f1c6be4034a8b208c87c8c2e0a) Importer(815301076,1909f56bfc062723c751e8b465ee728b)
Start importing Assets/UIprefabs/PausedMenu.prefab using Guid(95d6b4f1c6be4034a8b208c87c8c2e0a) Importer(815301076,1909f56bfc062723c751e8b465ee728b)  -> (artifact id: '54351f6b9f3db5ae7c0d793239d79975') in 0.025690 seconds 
========================================================================
Received Import Request.
  Time since last request: 6.587201 seconds.
  path: Assets/_Paint_The_Rings/Scenes/Home.unity
  artifactKey: Guid(a8aedbbeefefd1f4cb73a7f6aeca15a5) Importer(815301076,1909f56bfc062723c751e8b465ee728b)
Start importing Assets/_Paint_The_Rings/Scenes/Home.unity using Guid(a8aedbbeefefd1f4cb73a7f6aeca15a5) Importer(815301076,1909f56bfc062723c751e8b465ee728b)  -> (artifact id: '15f8742f65d42358ed0515afae7e6ff0') in 0.006373 seconds 
========================================================================
Received Import Request.
  Time since last request: 19.577748 seconds.
  path: Assets/UIprefabs/HomeCanvas.prefab
  artifactKey: Guid(3632467b95fbe534abf25e91d0ad352b) Importer(815301076,1909f56bfc062723c751e8b465ee728b)
Start importing Assets/UIprefabs/HomeCanvas.prefab using Guid(3632467b95fbe534abf25e91d0ad352b) Importer(815301076,1909f56bfc062723c751e8b465ee728b)  -> (artifact id: '4584431bb726d1b543667e430f1d5b23') in 0.034504 seconds 
========================================================================
Received Prepare
Registering precompiled user dll's ...
Registered in 0.008958 seconds.
Begin MonoManager ReloadAssembly
Symbol file LoadedFromMemory doesn't match image C:\Users\sanwi\Downloads\painthit-jioTestingPainthit\painthit-jioTestingPainthit\PaintHitGameProject\Library\PackageCache\com.unity.visualscripting@1.7.8\Editor\VisualScripting.Core\Dependencies\DotNetZip\Unity.VisualScripting.IonicZip.dll
Symbol file LoadedFromMemory doesn't match image C:\Users\sanwi\Downloads\painthit-jioTestingPainthit\painthit-jioTestingPainthit\PaintHitGameProject\Library\PackageCache\com.unity.visualscripting@1.7.8\Editor\VisualScripting.Core\Dependencies\YamlDotNet\Unity.VisualScripting.YamlDotNet.dll
Native extension for WindowsStandalone target not found
Native extension for Android target not found
Refreshing native plugins compatible for Editor in 1.83 ms, found 22 plugins.
Preloading 0 native plugins for Editor in 0.00 ms.
Mono: successfully reloaded assembly
- Completed reload, in  1.180 seconds
Domain Reload Profiling:
	ReloadAssembly (1181ms)
		BeginReloadAssembly (137ms)
			ExecutionOrderSort (0ms)
			DisableScriptedObjects (8ms)
			BackupInstance (0ms)
			ReleaseScriptingObjects (0ms)
			CreateAndSetChildDomain (42ms)
		EndReloadAssembly (932ms)
			LoadAssemblies (79ms)
			RebuildTransferFunctionScriptingTraits (0ms)
			SetupTypeCache (311ms)
			ReleaseScriptCaches (2ms)
			RebuildScriptCaches (55ms)
			SetupLoadedEditorAssemblies (425ms)
				LogAssemblyErrors (0ms)
				InitializePlatformSupportModulesInManaged (20ms)
				SetLoadedEditorAssemblies (1ms)
				RefreshPlugins (2ms)
				BeforeProcessingInitializeOnLoad (74ms)
				ProcessInitializeOnLoadAttributes (279ms)
				ProcessInitializeOnLoadMethodAttributes (42ms)
				AfterProcessingInitializeOnLoad (6ms)
				EditorAssembliesLoaded (0ms)
			ExecutionOrderSort2 (0ms)
			AwakeInstancesAfterBackupRestoration (8ms)
Platform modules already initialized, skipping
OnLevelWasLoaded was found on JMRManager
This message has been deprecated and will be removed in a later version of Unity.
Add a delegate to SceneManager.sceneLoaded instead to get notifications after scene loading has completed
Refreshing native plugins compatible for Editor in 13.74 ms, found 22 plugins.
Preloading 0 native plugins for Editor in 0.00 ms.
Unloading 3936 Unused Serialized files (Serialized files now loaded: 0)
Unloading 102 unused Assets / (31.1 KB). Loaded Objects now: 4475.
Memory consumption went from 147.9 MB to 147.8 MB.
Total: 3.345800 ms (FindLiveObjects: 0.346600 ms CreateObjectMapping: 0.229700 ms MarkObjects: 2.720100 ms  DeleteObjects: 0.047700 ms)

AssetImportParameters requested are different than current active one (requested -> active):
  custom:video-decoder-ogg-theora: a1e56fd34408186e4bbccfd4996cb3dc -> 
  custom:container-muxer-webm: aa71ff27fc2769a1b78a27578f13a17b -> 
  custom:container-demuxer-webm: 4f35f7cbe854078d1ac9338744f61a02 -> 
  custom:video-encoder-webm-vp8: eb34c28f22e8b96e1ab97ce403110664 -> 
  custom:video-codec-MediaFoundation-h265: 746d11721c4dcdbdad8f713fa42b33f4 -> 
  custom:audio-encoder-webm-vorbis: bf7c407c2cedff20999df2af8eb42d56 -> 
  custom:framework-win-MediaFoundation: 216162199b28c13a410421893ffa2e32 -> 
  custom:container-demuxer-ogg: 62fdf1f143b41e24485cea50d1cbac27 -> 
  custom:video-decoder-webm-vp8: 9c59270c3fd7afecdb556c50c9e8de78 -> 
  custom:audio-decoder-ogg-vorbis: bf7c407c2cedff20999df2af8eb42d56 -> 
========================================================================
Received Import Request.
  Time since last request: 234.882897 seconds.
  path: Assets/_Paint_The_Rings/Scenes/purplecyl (1).controller
  artifactKey: Guid(0f1e87103e587d94abb4d7b099994f96) Importer(815301076,1909f56bfc062723c751e8b465ee728b)
Start importing Assets/_Paint_The_Rings/Scenes/purplecyl (1).controller using Guid(0f1e87103e587d94abb4d7b099994f96) Importer(815301076,1909f56bfc062723c751e8b465ee728b)  -> (artifact id: '0c2b51e4b02a08a63c4546c9335664a0') in 0.024034 seconds 
========================================================================
Received Import Request.
  Time since last request: 8.508959 seconds.
  path: Assets/_Paint_The_Rings/Scenes/purplecyl (2).controller
  artifactKey: Guid(bdc4637faedf2ad4d82840fbbe552a3b) Importer(815301076,1909f56bfc062723c751e8b465ee728b)
Start importing Assets/_Paint_The_Rings/Scenes/purplecyl (2).controller using Guid(bdc4637faedf2ad4d82840fbbe552a3b) Importer(815301076,1909f56bfc062723c751e8b465ee728b)  -> (artifact id: '9fc364b3accfc19027088475e908e03a') in 0.007890 seconds 
========================================================================
Received Import Request.
  Time since last request: 1.141914 seconds.
  path: Assets/_Paint_The_Rings/Scenes/purplecyl.controller
  artifactKey: Guid(15fec1ab339698640ac690d8f8de622a) Importer(815301076,1909f56bfc062723c751e8b465ee728b)
Start importing Assets/_Paint_The_Rings/Scenes/purplecyl.controller using Guid(15fec1ab339698640ac690d8f8de622a) Importer(815301076,1909f56bfc062723c751e8b465ee728b)  -> (artifact id: '88a8fe38a18ae42307c58e018fff5d57') in 0.006388 seconds 
========================================================================
Received Import Request.
  Time since last request: 6.532531 seconds.
  path: Assets/_Paint_The_Rings/Scenes/Home.unity
  artifactKey: Guid(a8aedbbeefefd1f4cb73a7f6aeca15a5) Importer(815301076,1909f56bfc062723c751e8b465ee728b)
Start importing Assets/_Paint_The_Rings/Scenes/Home.unity using Guid(a8aedbbeefefd1f4cb73a7f6aeca15a5) Importer(815301076,1909f56bfc062723c751e8b465ee728b)  -> (artifact id: '47f5908c062d70fc5c05e61a28d177ac') in 0.002290 seconds 
========================================================================
Received Import Request.
  Time since last request: 46.288590 seconds.
  path: Assets/_Paint_The_Rings/Scenes/HomeCanvas.controller
  artifactKey: Guid(a2c5bb411b69ec041a40d60eb9d30aec) Importer(815301076,1909f56bfc062723c751e8b465ee728b)
Start importing Assets/_Paint_The_Rings/Scenes/HomeCanvas.controller using Guid(a2c5bb411b69ec041a40d60eb9d30aec) Importer(815301076,1909f56bfc062723c751e8b465ee728b)  -> (artifact id: '53a8690b27312ec18261bac2b854e934') in 0.003483 seconds 
========================================================================
Received Prepare
Registering precompiled user dll's ...
Registered in 0.011220 seconds.
Begin MonoManager ReloadAssembly
Symbol file LoadedFromMemory doesn't match image C:\Users\sanwi\Downloads\painthit-jioTestingPainthit\painthit-jioTestingPainthit\PaintHitGameProject\Library\PackageCache\com.unity.visualscripting@1.7.8\Editor\VisualScripting.Core\Dependencies\DotNetZip\Unity.VisualScripting.IonicZip.dll
Symbol file LoadedFromMemory doesn't match image C:\Users\sanwi\Downloads\painthit-jioTestingPainthit\painthit-jioTestingPainthit\PaintHitGameProject\Library\PackageCache\com.unity.visualscripting@1.7.8\Editor\VisualScripting.Core\Dependencies\YamlDotNet\Unity.VisualScripting.YamlDotNet.dll
Native extension for WindowsStandalone target not found
Native extension for Android target not found
Refreshing native plugins compatible for Editor in 2.44 ms, found 22 plugins.
Preloading 0 native plugins for Editor in 0.00 ms.
Mono: successfully reloaded assembly
- Completed reload, in  1.209 seconds
Domain Reload Profiling:
	ReloadAssembly (1210ms)
		BeginReloadAssembly (132ms)
			ExecutionOrderSort (0ms)
			DisableScriptedObjects (6ms)
			BackupInstance (0ms)
			ReleaseScriptingObjects (0ms)
			CreateAndSetChildDomain (39ms)
		EndReloadAssembly (984ms)
			LoadAssemblies (82ms)
			RebuildTransferFunctionScriptingTraits (0ms)
			SetupTypeCache (343ms)
			ReleaseScriptCaches (3ms)
			RebuildScriptCaches (76ms)
			SetupLoadedEditorAssemblies (391ms)
				LogAssemblyErrors (0ms)
				InitializePlatformSupportModulesInManaged (25ms)
				SetLoadedEditorAssemblies (1ms)
				RefreshPlugins (3ms)
				BeforeProcessingInitializeOnLoad (78ms)
				ProcessInitializeOnLoadAttributes (239ms)
				ProcessInitializeOnLoadMethodAttributes (41ms)
				AfterProcessingInitializeOnLoad (5ms)
				EditorAssembliesLoaded (0ms)
			ExecutionOrderSort2 (0ms)
			AwakeInstancesAfterBackupRestoration (7ms)
Platform modules already initialized, skipping
OnLevelWasLoaded was found on JMRManager
This message has been deprecated and will be removed in a later version of Unity.
Add a delegate to SceneManager.sceneLoaded instead to get notifications after scene loading has completed
Refreshing native plugins compatible for Editor in 11.83 ms, found 22 plugins.
Preloading 0 native plugins for Editor in 0.00 ms.
Unloading 3936 Unused Serialized files (Serialized files now loaded: 0)
Unloading 102 unused Assets / (31.1 KB). Loaded Objects now: 4479.
Memory consumption went from 147.9 MB to 147.8 MB.
Total: 3.508400 ms (FindLiveObjects: 0.507500 ms CreateObjectMapping: 0.225600 ms MarkObjects: 2.735400 ms  DeleteObjects: 0.037700 ms)

AssetImportParameters requested are different than current active one (requested -> active):
  custom:video-decoder-ogg-theora: a1e56fd34408186e4bbccfd4996cb3dc -> 
  custom:container-muxer-webm: aa71ff27fc2769a1b78a27578f13a17b -> 
  custom:container-demuxer-webm: 4f35f7cbe854078d1ac9338744f61a02 -> 
  custom:video-encoder-webm-vp8: eb34c28f22e8b96e1ab97ce403110664 -> 
  custom:video-codec-MediaFoundation-h265: 746d11721c4dcdbdad8f713fa42b33f4 -> 
  custom:audio-encoder-webm-vorbis: bf7c407c2cedff20999df2af8eb42d56 -> 
  custom:framework-win-MediaFoundation: 216162199b28c13a410421893ffa2e32 -> 
  custom:container-demuxer-ogg: 62fdf1f143b41e24485cea50d1cbac27 -> 
  custom:video-decoder-webm-vp8: 9c59270c3fd7afecdb556c50c9e8de78 -> 
  custom:audio-decoder-ogg-vorbis: bf7c407c2cedff20999df2af8eb42d56 -> 
========================================================================
Received Import Request.
  Time since last request: 296.309283 seconds.
  path: Assets/_Paint_The_Rings/Scenes/LOADINGANIM.anim
  artifactKey: Guid(6516690e0ed45fc4f9adaffb0467e7f0) Importer(815301076,1909f56bfc062723c751e8b465ee728b)
Start importing Assets/_Paint_The_Rings/Scenes/LOADINGANIM.anim using Guid(6516690e0ed45fc4f9adaffb0467e7f0) Importer(815301076,1909f56bfc062723c751e8b465ee728b)  -> (artifact id: '6d4743814b2a2a59ddd1615d8e025de8') in 0.027279 seconds 
========================================================================
Received Import Request.
  Time since last request: 2841.887142 seconds.
  path: Assets/_Paint_The_Rings/Scenes/HomeLoading.unity
  artifactKey: Guid(3cf62c312566ae149843d075d933fc78) Importer(815301076,1909f56bfc062723c751e8b465ee728b)
Start importing Assets/_Paint_The_Rings/Scenes/HomeLoading.unity using Guid(3cf62c312566ae149843d075d933fc78) Importer(815301076,1909f56bfc062723c751e8b465ee728b)  -> (artifact id: 'af5bb3e2f8662aadb763b2b569e75b44') in 0.007697 seconds 
========================================================================
Received Prepare
Registering precompiled user dll's ...
Registered in 0.012607 seconds.
Begin MonoManager ReloadAssembly
Symbol file LoadedFromMemory doesn't match image C:\Users\sanwi\Downloads\painthit-jioTestingPainthit\painthit-jioTestingPainthit\PaintHitGameProject\Library\PackageCache\com.unity.visualscripting@1.7.8\Editor\VisualScripting.Core\Dependencies\DotNetZip\Unity.VisualScripting.IonicZip.dll
Symbol file LoadedFromMemory doesn't match image C:\Users\sanwi\Downloads\painthit-jioTestingPainthit\painthit-jioTestingPainthit\PaintHitGameProject\Library\PackageCache\com.unity.visualscripting@1.7.8\Editor\VisualScripting.Core\Dependencies\YamlDotNet\Unity.VisualScripting.YamlDotNet.dll
Native extension for WindowsStandalone target not found
Native extension for Android target not found
Refreshing native plugins compatible for Editor in 3.08 ms, found 22 plugins.
Preloading 0 native plugins for Editor in 0.00 ms.
Mono: successfully reloaded assembly
- Completed reload, in  1.302 seconds
Domain Reload Profiling:
	ReloadAssembly (1303ms)
		BeginReloadAssembly (164ms)
			ExecutionOrderSort (0ms)
			DisableScriptedObjects (7ms)
			BackupInstance (0ms)
			ReleaseScriptingObjects (0ms)
			CreateAndSetChildDomain (61ms)
		EndReloadAssembly (1036ms)
			LoadAssemblies (88ms)
			RebuildTransferFunctionScriptingTraits (0ms)
			SetupTypeCache (356ms)
			ReleaseScriptCaches (3ms)
			RebuildScriptCaches (77ms)
			SetupLoadedEditorAssemblies (428ms)
				LogAssemblyErrors (0ms)
				InitializePlatformSupportModulesInManaged (26ms)
				SetLoadedEditorAssemblies (1ms)
				RefreshPlugins (3ms)
				BeforeProcessingInitializeOnLoad (88ms)
				ProcessInitializeOnLoadAttributes (258ms)
				ProcessInitializeOnLoadMethodAttributes (45ms)
				AfterProcessingInitializeOnLoad (6ms)
				EditorAssembliesLoaded (1ms)
			ExecutionOrderSort2 (0ms)
			AwakeInstancesAfterBackupRestoration (10ms)
Platform modules already initialized, skipping
OnLevelWasLoaded was found on JMRManager
This message has been deprecated and will be removed in a later version of Unity.
Add a delegate to SceneManager.sceneLoaded instead to get notifications after scene loading has completed
Refreshing native plugins compatible for Editor in 14.62 ms, found 22 plugins.
Preloading 0 native plugins for Editor in 0.00 ms.
Unloading 3936 Unused Serialized files (Serialized files now loaded: 0)
Unloading 102 unused Assets / (31.0 KB). Loaded Objects now: 4483.
Memory consumption went from 147.9 MB to 147.9 MB.
Total: 5.407500 ms (FindLiveObjects: 0.427000 ms CreateObjectMapping: 0.277400 ms MarkObjects: 4.643600 ms  DeleteObjects: 0.057400 ms)

AssetImportParameters requested are different than current active one (requested -> active):
  custom:video-decoder-ogg-theora: a1e56fd34408186e4bbccfd4996cb3dc -> 
  custom:container-muxer-webm: aa71ff27fc2769a1b78a27578f13a17b -> 
  custom:container-demuxer-webm: 4f35f7cbe854078d1ac9338744f61a02 -> 
  custom:video-encoder-webm-vp8: eb34c28f22e8b96e1ab97ce403110664 -> 
  custom:video-codec-MediaFoundation-h265: 746d11721c4dcdbdad8f713fa42b33f4 -> 
  custom:audio-encoder-webm-vorbis: bf7c407c2cedff20999df2af8eb42d56 -> 
  custom:framework-win-MediaFoundation: 216162199b28c13a410421893ffa2e32 -> 
  custom:container-demuxer-ogg: 62fdf1f143b41e24485cea50d1cbac27 -> 
  custom:video-decoder-webm-vp8: 9c59270c3fd7afecdb556c50c9e8de78 -> 
  custom:audio-decoder-ogg-vorbis: bf7c407c2cedff20999df2af8eb42d56 -> 
========================================================================
Received Import Request.
  Time since last request: 95.858394 seconds.
  path: Assets/_Paint_The_Rings/Scenes/HomeLoding.anim
  artifactKey: Guid(a229e4410a0ce394283524eae3581429) Importer(815301076,1909f56bfc062723c751e8b465ee728b)
Start importing Assets/_Paint_The_Rings/Scenes/HomeLoding.anim using Guid(a229e4410a0ce394283524eae3581429) Importer(815301076,1909f56bfc062723c751e8b465ee728b)  -> (artifact id: '6f374ec358df506028d89716c4b6011c') in 0.030067 seconds 
========================================================================
Received Import Request.
  Time since last request: 1883.336430 seconds.
  path: Assets/_Paint_The_Rings/Scenes/HomeLoading.unity
  artifactKey: Guid(3cf62c312566ae149843d075d933fc78) Importer(815301076,1909f56bfc062723c751e8b465ee728b)
Start importing Assets/_Paint_The_Rings/Scenes/HomeLoading.unity using Guid(3cf62c312566ae149843d075d933fc78) Importer(815301076,1909f56bfc062723c751e8b465ee728b)  -> (artifact id: '6e7bde12630e9e012948b74ebaa0573c') in 0.002429 seconds 
